<?xml version="1.0" encoding="UTF-8"?>
<testng-results skipped="0" failed="0" ignored="0" total="5" passed="5">
  <reporter-output>
  </reporter-output>
  <suite name="Suite" duration-ms="66385" started-at="2018-07-27T07:20:49Z" finished-at="2018-07-27T07:21:56Z">
    <groups>
    </groups>
    <test name="Test" duration-ms="66385" started-at="2018-07-27T07:20:49Z" finished-at="2018-07-27T07:21:56Z">
      <class name="AutomationFW.TestCase_WISELogin">
        <test-method status="PASS" signature="LoginToWise()[pri:1, instance:AutomationFW.TestCase_WISELogin@2c5529ab]" name="LoginToWise" duration-ms="24984" started-at="2018-07-27T07:20:49Z" finished-at="2018-07-27T07:21:14Z">
          <reporter-output>
          </reporter-output>
        </test-method> <!-- LoginToWise -->
        <test-method status="PASS" signature="SearchSKU()[pri:2, instance:AutomationFW.TestCase_WISELogin@2c5529ab]" name="SearchSKU" duration-ms="14317" started-at="2018-07-27T07:21:14Z" finished-at="2018-07-27T07:21:29Z">
          <reporter-output>
          </reporter-output>
        </test-method> <!-- SearchSKU -->
        <test-method status="PASS" signature="NavigateToPDPPage()[pri:3, instance:AutomationFW.TestCase_WISELogin@2c5529ab]" name="NavigateToPDPPage" duration-ms="11009" started-at="2018-07-27T07:21:29Z" finished-at="2018-07-27T07:21:40Z">
          <reporter-output>
          </reporter-output>
        </test-method> <!-- NavigateToPDPPage -->
        <test-method status="PASS" signature="PDPPage_TabsDIsplay()[pri:4, instance:AutomationFW.TestCase_WISELogin@2c5529ab]" name="PDPPage_TabsDIsplay" duration-ms="9151" started-at="2018-07-27T07:21:40Z" finished-at="2018-07-27T07:21:49Z">
          <reporter-output>
          </reporter-output>
        </test-method> <!-- PDPPage_TabsDIsplay -->
        <test-method status="PASS" signature="NavigateToHomePage()[pri:5, instance:AutomationFW.TestCase_WISELogin@2c5529ab]" name="NavigateToHomePage" duration-ms="4542" started-at="2018-07-27T07:21:49Z" finished-at="2018-07-27T07:21:53Z">
          <reporter-output>
          </reporter-output>
        </test-method> <!-- NavigateToHomePage -->
        <test-method status="PASS" signature="tearDown()[pri:0, instance:AutomationFW.TestCase_WISELogin@2c5529ab]" name="tearDown" is-config="true" duration-ms="2335" started-at="2018-07-27T07:21:53Z" finished-at="2018-07-27T07:21:56Z">
          <reporter-output>
          </reporter-output>
        </test-method> <!-- tearDown -->
      </class> <!-- AutomationFW.TestCase_WISELogin -->
    </test> <!-- Test -->
  </suite> <!-- Suite -->
</testng-results>
