<?xml version="1.0" encoding="UTF-8"?>
<!-- Generated by org.testng.reporters.JUnitXMLReporter -->
<testsuite hostname="DESKTOP-GVHQ29R" ignored="0" name="Default test" tests="5" failures="0" timestamp="26 Jul 2018 11:05:00 GMT" time="50.17" errors="0">
  <testcase name="LoginToWise" time="20.249" classname="AutomationFW.TestCase_WISELogin"/>
  <testcase name="SearchSKU" time="8.211" classname="AutomationFW.TestCase_WISELogin"/>
  <testcase name="NavigateToPDPPage" time="5.793" classname="AutomationFW.TestCase_WISELogin"/>
  <testcase name="PDPPage_TabsDIsplay" time="9.158" classname="AutomationFW.TestCase_WISELogin"/>
  <testcase name="NavigateToHomePage" time="4.122" classname="AutomationFW.TestCase_WISELogin"/>
</testsuite> <!-- Default test -->
